<?xml version="1.0" encoding="UTF-8"?>
<!-- Generated by org.testng.reporters.JUnitReportReporter -->
<testsuite hostname="SravanKumar-PC" failures="0" tests="1" name="Java.FirstTest" time="0.012" errors="0" timestamp="14 Jun 2019 16:29:24 GMT">
  <testcase classname="Java.FirstTest" name="fisttestcase" time="0.012"/>
</testsuite> <!-- Java.FirstTest -->
