<?xml version="1.0" encoding="UTF-8"?>
<!-- Generated by org.testng.reporters.JUnitReportReporter -->
<testsuite hostname="SravanKumar-PC" failures="0" tests="4" name="TestNG.Ecommerce" time="68.211" errors="0" timestamp="25 Jun 2019 02:10:57 GMT">
  <testcase classname="TestNG.Ecommerce" name="Paytm" time="20.083"/>
  <testcase classname="TestNG.Ecommerce" name="Amazon" time="24.926"/>
  <testcase classname="TestNG.Ecommerce" name="Snapdeal" time="13.069"/>
  <testcase classname="TestNG.Ecommerce" name="Flipkart" time="10.133"/>
</testsuite> <!-- TestNG.Ecommerce -->
