<?xml version="1.0" encoding="UTF-8"?>
<!-- Generated by org.testng.reporters.JUnitReportReporter -->
<testsuite hostname="SravanKumar-PC" failures="0" tests="4" name="TestNG.dependencyecommerce" time="53.194" errors="0" timestamp="1 Jun 2019 16:53:33 GMT">
  <testcase classname="TestNG.dependencyecommerce" name="flipkart" time="12.567"/>
  <testcase classname="TestNG.dependencyecommerce" name="snapdeal" time="17.169"/>
  <testcase classname="TestNG.dependencyecommerce" name="paytm" time="8.067"/>
  <testcase classname="TestNG.dependencyecommerce" name="shop" time="15.391"/>
</testsuite> <!-- TestNG.dependencyecommerce -->
