<?xml version="1.0" encoding="UTF-8"?>
<!-- Generated by org.testng.reporters.JUnitReportReporter -->
<testsuite hostname="SravanKumar-PC" failures="0" tests="3" name="TestNG.dependencysocialmedia" time="21.960" errors="0" timestamp="1 Jun 2019 16:57:41 GMT">
  <testcase classname="TestNG.dependencysocialmedia" name="twitter" time="6.464"/>
  <testcase classname="TestNG.dependencysocialmedia" name="facebook" time="7.582"/>
  <testcase classname="TestNG.dependencysocialmedia" name="instagram" time="7.914"/>
</testsuite> <!-- TestNG.dependencysocialmedia -->
