<?xml version="1.0" encoding="UTF-8"?>
<!-- Generated by org.testng.reporters.JUnitReportReporter -->
<testsuite hostname="SravanKumar-PC" failures="0" tests="3" name="TestNG.dependencyMail" time="57.936" errors="0" timestamp="1 Jun 2019 16:56:25 GMT">
  <testcase classname="TestNG.dependencyMail" name="yahoo" time="39.440"/>
  <testcase classname="TestNG.dependencyMail" name="gmail" time="9.962"/>
  <testcase classname="TestNG.dependencyMail" name="rediff" time="8.534"/>
</testsuite> <!-- TestNG.dependencyMail -->
